Arguments: 
  /usr/local/bin/node /usr/local/bin/yarn install

PATH: 
  /opt/homebrew/opt/ruby/bin:/opt/homebrew/lib/ruby/gems/2.7.0/bin:/usr/local/opt/ruby/bin:/usr/local/lib/ruby/gems/3.1.0/bin:/usr/local/opt/ruby@2.7/bin:/Users/jackstanley/opt/anaconda3/bin:/Users/jackstanley/opt/anaconda3/condabin:/usr/local/bin:/System/Cryptexes/App/usr/bin:/usr/bin:/bin:/usr/sbin:/sbin:/opt/X11/bin

Yarn version: 
  1.22.19

Node version: 
  16.15.1

Platform: 
  darwin x64

Trace: 
  SyntaxError: /Users/jackstanley/Documents/VSCode/COS471/final-project/external-adapter-2/package.json: Unexpected end of JSON input
      at JSON.parse (<anonymous>)
      at /usr/local/lib/node_modules/yarn/lib/cli.js:1629:59
      at Generator.next (<anonymous>)
      at step (/usr/local/lib/node_modules/yarn/lib/cli.js:310:30)
      at /usr/local/lib/node_modules/yarn/lib/cli.js:321:13

npm manifest: 
  

yarn manifest: 
  No manifest

Lockfile: 
  No lockfile
